10,2,30,100,0,'normal','Adam','binary_crossentropy','elu','sigmoid',0.971
10,0,30,100,0,'normal','Adam','binary_crossentropy','elu','sigmoid',0.971
10,1,30,100,0,'normal','Adam','binary_crossentropy','relu','sigmoid',0.979
10,0,30,100,0,'normal','Adam','binary_crossentropy','relu','sigmoid',0.979
10,1,30,100,0,'normal','Adam','binary_crossentropy','elu','sigmoid',0.971
10,2,30,100,0,'uniform','Adam','binary_crossentropy','relu','sigmoid',0.979
10,0,30,100,0,'uniform','Adam','binary_crossentropy','elu','sigmoid',0.971
10,1,30,100,0,'uniform','Adam','binary_crossentropy','elu','sigmoid',0.971
10,2,30,100,0,'normal','Adam','binary_crossentropy','relu','sigmoid',0.971
10,2,30,100,0,'uniform','Adam','binary_crossentropy','elu','sigmoid',0.971
10,1,30,100,0,'uniform','Adam','binary_crossentropy','relu','sigmoid',0.971
10,0,30,100,0,'uniform','Adam','binary_crossentropy','relu','sigmoid',0.971
4,2,10,100,0,'uniform','Adam','binary_crossentropy','relu','sigmoid',_warning_no_true_positive,100,binary_class,1,single,0.3,nba
4,2,10,100,0,'normal','Adam','binary_crossentropy','relu','sigmoid',0.267
4,2,10,100,0,'uniform','Adam','binary_crossentropy','relu','sigmoid',0.091
4,2,10,100,0,'normal','Adam','binary_crossentropy','relu','sigmoid',_warning_all_zeros_,100,binary_class,1,single,0.3,nba
10,2,30,100,0,'uniform','Adam','binary_crossentropy','relu','sigmoid',_warning_all_zeros_,100,binary_class,1,single,0.3,breast_cancer
10,1,30,100,0,'uniform','Adam','binary_crossentropy','relu','sigmoid',0.182
10,1,30,100,0,'normal','Adam','binary_crossentropy','elu','sigmoid',_warning_no_true_positive,100,binary_class,1,single,0.3,breast_cancer
10,0,30,100,0,'uniform','Adam','binary_crossentropy','relu','sigmoid',0.2
10,0,30,100,0,'normal','Adam','binary_crossentropy','relu','sigmoid',0.211
10,0,30,100,0,'uniform','Adam','binary_crossentropy','elu','sigmoid',0.095
10,1,30,100,0,'uniform','Adam','binary_crossentropy','elu','sigmoid',0.1
10,2,30,100,0,'normal','Adam','binary_crossentropy','relu','sigmoid',0.2
10,2,30,100,0,'uniform','Adam','binary_crossentropy','elu','sigmoid',_warning_all_zeros_,100,binary_class,1,single,0.3,breast_cancer
10,0,30,100,0,'normal','Adam','binary_crossentropy','elu','sigmoid',_warning_no_true_positive,100,binary_class,1,single,0.3,breast_cancer
10,2,30,100,0,'normal','Adam','binary_crossentropy','elu','sigmoid',0.087
10,1,30,100,0,'normal','Adam','binary_crossentropy','relu','sigmoid',0.133
4,10,100,0,uniform,'Adam','binary_crossentropy','relu','sigmoid',_warning_no_true_positive,100,binary_class,1,single,0.3,nba
4,10,100,0,normal,'Adam','binary_crossentropy','relu','sigmoid',_warning_no_true_positive,100,binary_class,1,single,0.3,nba
4,10,100,0,normal,'Adam','binary_crossentropy','relu','sigmoid',_warning_all_zeros_,100,binary_class,1,single,0.3,nba
4,10,100,0,uniform,'Adam','binary_crossentropy','relu','sigmoid',0.087
4,10,100,0,normal,'Adam','binary_crossentropy','relu','sigmoid',_warning_all_zeros_,100,binary_class,1,single,0.3,nba
4,10,100,0,uniform,'Adam','binary_crossentropy','relu','sigmoid',_warning_all_zeros_,100,binary_class,1,single,0.3,nba
0.0001,4,10,100,0,'uniform','Adam','binary_crossentropy','relu','sigmoid',_warning_all_zeros_,100,binary_class,1,single,0.3,nba
0.0001,4,10,100,0,'normal','Adam','binary_crossentropy','relu','sigmoid',_warning_all_zeros_,100,binary_class,1,single,0.3,nba
0.0005,4,10,100,0,'uniform','Adam','binary_crossentropy','relu','sigmoid',_warning_all_zeros_,100,binary_class,1,single,0.3,nba
0.0005,4,10,100,0,'normal','Adam','binary_crossentropy','relu','sigmoid',_warning_all_zeros_,100,binary_class,1,single,0.3,nba
0.0005,4,10,100,0,'normal','Adam','binary_crossentropy','relu','sigmoid',0.154
0.0005,4,10,100,0,'uniform','Adam','binary_crossentropy','relu','sigmoid',_warning_all_zeros_,100,binary_class,1,single,0.3,nba
0.0001,4,10,100,0,'normal','Adam','binary_crossentropy','relu','sigmoid',0.08
0.0001,4,10,100,0,'uniform','Adam','binary_crossentropy','relu','sigmoid',0.167
0.0001,4,10,100,0,'uniform','Adam','binary_crossentropy','relu','sigmoid',_warning_no_true_positive,100,binary_class,1,single,0.3,nba
0.0005,4,10,100,0,'uniform','Adam','binary_crossentropy','relu','sigmoid',0.1
0.0001,4,10,100,0,'normal','Adam','binary_crossentropy','relu','sigmoid',_warning_all_zeros_,100,binary_class,1,single,0.3,nba
0.0005,4,10,100,0,'normal','Adam','binary_crossentropy','relu','sigmoid',0.091
0.0001,4,10,100,0,'uniform','Adam','binary_crossentropy','relu','sigmoid',0.19
0.0001,4,2,10,100,'0','uniform','Adam','binary_crossentropy','relu','sigmoid',_warning_all_zeros_,100,binary_class,1,single,0.3,nba
